e:\u\dpll\x64\debug\vc143.pdb
e:\u\dpll\x64\debug\vc143.idb
e:\u\dpll\x64\debug\stack.obj
e:\u\dpll\x64\debug\solver.obj
e:\u\dpll\x64\debug\main.obj
e:\u\dpll\x64\debug\cnf_reader.obj
e:\u\dpll\x64\debug\dpll.pdb
e:\u\dpll\x64\debug\dpll.tlog\cl.command.1.tlog
e:\u\dpll\x64\debug\dpll.tlog\cl.read.1.tlog
e:\u\dpll\x64\debug\dpll.tlog\cl.write.1.tlog
e:\u\dpll\x64\debug\dpll.tlog\link-cvtres.read.1.tlog
e:\u\dpll\x64\debug\dpll.tlog\link-cvtres.write.1.tlog
e:\u\dpll\x64\debug\dpll.tlog\link-rc.read.1.tlog
e:\u\dpll\x64\debug\dpll.tlog\link-rc.write.1.tlog
e:\u\dpll\x64\debug\dpll.tlog\link.34040-cvtres.read.1.tlog
e:\u\dpll\x64\debug\dpll.tlog\link.34040-cvtres.write.1.tlog
e:\u\dpll\x64\debug\dpll.tlog\link.34040-rc.read.1.tlog
e:\u\dpll\x64\debug\dpll.tlog\link.34040-rc.write.1.tlog
e:\u\dpll\x64\debug\dpll.tlog\link.34040.read.1.tlog
e:\u\dpll\x64\debug\dpll.tlog\link.34040.read.2.tlog
e:\u\dpll\x64\debug\dpll.tlog\link.34040.write.1.tlog
e:\u\dpll\x64\debug\dpll.tlog\link.command.1.tlog
e:\u\dpll\x64\debug\dpll.tlog\link.read.1.tlog
e:\u\dpll\x64\debug\dpll.tlog\link.read.2.tlog
e:\u\dpll\x64\debug\dpll.tlog\link.write.1.tlog
